<?xml version="1.0" encoding="UTF-8"?>
<!-- Generated by org.testng.reporters.JUnitXMLReporter -->
<testsuite ignored="0" hostname="Jesus" failures="0" tests="5" name="Default test" time="10.899" errors="0" timestamp="2023-07-22T14:06:10 IST">
  <testcase classname="BenTestNg.Groups$AnnotationPriopractice" name="OpenApp" time="8.676"/>
  <testcase classname="BenTestNg.Groups$AnnotationPriopractice" name="Login" time="1.734"/>
  <testcase classname="BenTestNg.Groups$AnnotationPriopractice" name="Search" time="0.003"/>
  <testcase classname="BenTestNg.Groups$AnnotationPriopractice" name="Advsearch" time="0.003"/>
  <testcase classname="BenTestNg.Groups$AnnotationPriopractice" name="Teardown" time="0.356"/>
</testsuite> <!-- Default test -->
