<?xml version="1.0" encoding="UTF-8"?>
<testng-results ignored="0" total="5" passed="5" failed="0" skipped="0">
  <reporter-output>
  </reporter-output>
  <suite started-at="2023-07-22T14:05:59 IST" name="Default suite" finished-at="2023-07-22T14:06:10 IST" duration-ms="10899">
    <groups>
      <group name="Sanity">
        <method signature="Groups$AnnotationPriopractice.OpenApp()[pri:1, instance:BenTestNg.Groups$AnnotationPriopractice@4efbca5a]" name="OpenApp" class="BenTestNg.Groups$AnnotationPriopractice"/>
        <method signature="Groups$AnnotationPriopractice.Login()[pri:2, instance:BenTestNg.Groups$AnnotationPriopractice@4efbca5a]" name="Login" class="BenTestNg.Groups$AnnotationPriopractice"/>
        <method signature="Groups$AnnotationPriopractice.Advsearch()[pri:4, instance:BenTestNg.Groups$AnnotationPriopractice@4efbca5a]" name="Advsearch" class="BenTestNg.Groups$AnnotationPriopractice"/>
        <method signature="Groups$AnnotationPriopractice.Teardown()[pri:5, instance:BenTestNg.Groups$AnnotationPriopractice@4efbca5a]" name="Teardown" class="BenTestNg.Groups$AnnotationPriopractice"/>
      </group> <!-- Sanity -->
      <group name="Regression">
        <method signature="Groups$AnnotationPriopractice.OpenApp()[pri:1, instance:BenTestNg.Groups$AnnotationPriopractice@4efbca5a]" name="OpenApp" class="BenTestNg.Groups$AnnotationPriopractice"/>
        <method signature="Groups$AnnotationPriopractice.Login()[pri:2, instance:BenTestNg.Groups$AnnotationPriopractice@4efbca5a]" name="Login" class="BenTestNg.Groups$AnnotationPriopractice"/>
        <method signature="Groups$AnnotationPriopractice.Search()[pri:3, instance:BenTestNg.Groups$AnnotationPriopractice@4efbca5a]" name="Search" class="BenTestNg.Groups$AnnotationPriopractice"/>
      </group> <!-- Regression -->
    </groups>
    <test started-at="2023-07-22T14:05:59 IST" name="Default test" finished-at="2023-07-22T14:06:10 IST" duration-ms="10899">
      <class name="BenTestNg.Groups$AnnotationPriopractice">
        <test-method signature="OpenApp()[pri:1, instance:BenTestNg.Groups$AnnotationPriopractice@4efbca5a]" started-at="2023-07-22T14:06:00 IST" name="OpenApp" finished-at="2023-07-22T14:06:08 IST" duration-ms="8676" status="PASS">
          <reporter-output>
          </reporter-output>
        </test-method> <!-- OpenApp -->
        <test-method signature="Login()[pri:2, instance:BenTestNg.Groups$AnnotationPriopractice@4efbca5a]" started-at="2023-07-22T14:06:08 IST" name="Login" finished-at="2023-07-22T14:06:10 IST" duration-ms="1734" status="PASS">
          <reporter-output>
          </reporter-output>
        </test-method> <!-- Login -->
        <test-method signature="Search()[pri:3, instance:BenTestNg.Groups$AnnotationPriopractice@4efbca5a]" started-at="2023-07-22T14:06:10 IST" name="Search" finished-at="2023-07-22T14:06:10 IST" duration-ms="3" status="PASS">
          <reporter-output>
          </reporter-output>
        </test-method> <!-- Search -->
        <test-method signature="Advsearch()[pri:4, instance:BenTestNg.Groups$AnnotationPriopractice@4efbca5a]" started-at="2023-07-22T14:06:10 IST" name="Advsearch" finished-at="2023-07-22T14:06:10 IST" duration-ms="3" status="PASS">
          <reporter-output>
          </reporter-output>
        </test-method> <!-- Advsearch -->
        <test-method signature="Teardown()[pri:5, instance:BenTestNg.Groups$AnnotationPriopractice@4efbca5a]" started-at="2023-07-22T14:06:10 IST" name="Teardown" finished-at="2023-07-22T14:06:10 IST" duration-ms="356" status="PASS">
          <reporter-output>
          </reporter-output>
        </test-method> <!-- Teardown -->
      </class> <!-- BenTestNg.Groups$AnnotationPriopractice -->
    </test> <!-- Default test -->
  </suite> <!-- Default suite -->
</testng-results>
